[22:49:58] [info] Shaddock: Creating window Shaddock Editor (1280, 720)
[22:49:58] [info] Shaddock: OpenGL Information:
[22:49:58] [info] Shaddock: Vendor: Intel
[22:49:58] [info] Shaddock: Renderer: Intel(R) Iris(R) Xe Graphics
[22:49:58] [info] Shaddock: Version: 4.6.0 - Build 31.0.101.3302
[22:49:58] [info] Shaddock: Major Version: 4
[22:49:58] [info] Shaddock: Minor Version: 6
[22:50:37] [info] Shaddock: scenes
[22:50:40] [info] Shaddock: scenes
[22:50:40] [info] Shaddock: scenes
[22:50:40] [info] Shaddock: scenes
[22:50:40] [info] Shaddock: scenes
[22:50:40] [info] Shaddock: scenes
[22:50:40] [info] Shaddock: scenes
[22:50:40] [info] Shaddock: scenes
[22:50:40] [info] Shaddock: scenes
[22:50:40] [info] Shaddock: scenes
[22:50:40] [info] Shaddock: scenes
[22:50:40] [info] Shaddock: scenes
[22:50:40] [info] Shaddock: scenes
[22:50:40] [info] Shaddock: scenes
[22:50:40] [info] Shaddock: scenes
[22:50:40] [info] Shaddock: scenes
[22:50:40] [info] Shaddock: scenes
[22:50:40] [info] Shaddock: scenes
[22:50:40] [info] Shaddock: scenes
[22:50:40] [info] Shaddock: scenes
[22:50:40] [info] Shaddock: scenes
[22:50:40] [info] Shaddock: scenes
[22:50:40] [info] Shaddock: scenes
[22:50:40] [info] Shaddock: scenes
[22:50:41] [info] Shaddock: scenes
[22:50:41] [info] Shaddock: scenes
[22:50:41] [info] Shaddock: scenes
[22:50:41] [info] Shaddock: scenes
[22:50:41] [info] Shaddock: scenes
[22:50:41] [info] Shaddock: scenes
[22:50:41] [info] Shaddock: scenes
[22:50:41] [info] Shaddock: scenes
[22:50:41] [info] Shaddock: scenes
[22:50:41] [info] Shaddock: scenes
[22:50:41] [info] Shaddock: scenes
[22:50:41] [info] Shaddock: scenes
[22:50:41] [info] Shaddock: scenes
[22:50:41] [info] Shaddock: scenes
[22:50:41] [info] Shaddock: scenes
[22:50:41] [info] Shaddock: scenes
[22:50:41] [info] Shaddock: scenes
[22:50:41] [info] Shaddock: scenes
[22:50:41] [info] Shaddock: scenes
[22:50:41] [info] Shaddock: scenes
[22:50:41] [info] Shaddock: scenes
[22:50:41] [info] Shaddock: scenes
[22:50:41] [info] Shaddock: scenes
[22:50:41] [info] Shaddock: scenes
[22:50:41] [info] Shaddock: scenes
[22:50:41] [info] Shaddock: scenes
[22:50:41] [info] Shaddock: scenes
[22:50:41] [info] Shaddock: scenes
[22:50:41] [info] Shaddock: scenes
[22:50:41] [info] Shaddock: scenes
[22:50:41] [info] Shaddock: scenes
[22:50:41] [info] Shaddock: scenes
[22:50:41] [info] Shaddock: scenes
[22:50:41] [info] Shaddock: scenes
[22:50:41] [info] Shaddock: scenes
[22:50:41] [info] Shaddock: scenes
[22:50:41] [info] Shaddock: scenes
[22:50:41] [info] Shaddock: scenes
[22:50:41] [info] Shaddock: scenes
[22:50:41] [info] Shaddock: scenes
[22:50:41] [info] Shaddock: scenes
[22:50:41] [info] Shaddock: scenes
[22:50:41] [info] Shaddock: scenes
[22:50:41] [info] Shaddock: scenes
[22:50:41] [info] Shaddock: scenes
[22:50:41] [info] Shaddock: scenes
[22:50:41] [info] Shaddock: scenes
[22:50:41] [info] Shaddock: scenes
[22:50:41] [info] Shaddock: scenes
[22:50:41] [info] Shaddock: scenes
[22:50:41] [info] Shaddock: scenes
[22:50:41] [info] Shaddock: scenes
[22:50:41] [info] Shaddock: scenes
[22:50:41] [info] Shaddock: scenes
[22:50:41] [info] Shaddock: scenes
[22:50:41] [info] Shaddock: scenes
[22:50:41] [info] Shaddock: scenes
[22:50:41] [info] Shaddock: scenes
[22:50:41] [info] Shaddock: scenes
[22:50:43] [info] Shaddock: scenes\Example.scene
[22:50:43] [info] Shaddock: scenes\Example.scene
[22:50:43] [info] Shaddock: scenes\Example.scene
[22:50:43] [info] Shaddock: scenes\Example.scene
[22:50:43] [info] Shaddock: scenes\Example.scene
[22:50:43] [info] Shaddock: scenes\Example.scene
[22:50:43] [info] Shaddock: scenes\Example.scene
[22:50:43] [info] Shaddock: scenes\Example.scene
[22:50:43] [info] Shaddock: scenes\Example.scene
[22:50:43] [info] Shaddock: scenes\Example.scene
[22:50:43] [info] Shaddock: scenes\Example.scene
[22:50:43] [info] Shaddock: scenes\Example.scene
[22:50:43] [info] Shaddock: scenes\Example.scene
[22:50:43] [info] Shaddock: scenes\Example.scene
[22:50:43] [info] Shaddock: scenes\Example.scene
[22:50:43] [info] Shaddock: scenes\Example.scene
[22:50:43] [info] Shaddock: scenes\Example.scene
[22:50:43] [info] Shaddock: scenes\Example.scene
[22:50:43] [info] Shaddock: scenes\Example.scene
[22:50:43] [info] Shaddock: scenes\Example.scene
[22:50:43] [info] Shaddock: scenes\Example.scene
[22:50:43] [info] Shaddock: scenes\Example.scene
[22:50:43] [info] Shaddock: scenes\Example.scene
[22:50:43] [info] Shaddock: scenes\Example.scene
[22:50:43] [info] Shaddock: scenes\Example.scene
[22:50:43] [info] Shaddock: scenes\Example.scene
[22:50:43] [info] Shaddock: scenes\Example.scene
[22:50:43] [info] Shaddock: scenes\Example.scene
[22:50:43] [info] Shaddock: scenes\Example.scene
[22:50:43] [info] Shaddock: scenes\Example.scene
[22:50:43] [info] Shaddock: scenes\Example.scene
[22:50:43] [info] Shaddock: scenes\Example.scene
[22:50:43] [info] Shaddock: scenes\Example.scene
[22:50:43] [info] Shaddock: scenes\Example.scene
[22:50:43] [info] Shaddock: scenes\Example.scene
[22:50:43] [info] Shaddock: scenes\Example.scene
[22:50:43] [info] Shaddock: scenes\Example.scene
[22:50:43] [info] Shaddock: scenes\Example.scene
[22:50:43] [info] Shaddock: scenes\Example.scene
[22:50:43] [info] Shaddock: scenes\Example.scene
[22:50:43] [info] Shaddock: scenes\Example.scene
[22:50:43] [info] Shaddock: scenes\Example.scene
[22:50:43] [info] Shaddock: scenes\Example.scene
[22:50:43] [info] Shaddock: scenes\Example.scene
[22:50:43] [info] Shaddock: scenes\Example.scene
[22:50:43] [info] Shaddock: scenes\Example.scene
[22:50:43] [info] Shaddock: scenes\Example.scene
[22:50:43] [info] Shaddock: scenes\Example.scene
[22:50:43] [info] Shaddock: scenes\Example.scene
[22:50:43] [info] Shaddock: scenes\Example.scene
[22:50:43] [info] Shaddock: scenes\Example.scene
[22:50:43] [info] Shaddock: scenes\Example.scene
[22:50:43] [info] Shaddock: scenes\Example.scene
[22:50:43] [info] Shaddock: scenes\Example.scene
[22:50:43] [info] Shaddock: scenes\Example.scene
[22:50:43] [info] Shaddock: scenes\Example.scene
[22:50:43] [info] Shaddock: scenes\Example.scene
[22:50:43] [info] Shaddock: scenes\Example.scene
[22:50:43] [info] Shaddock: scenes\Example.scene
[22:50:43] [info] Shaddock: scenes\Example.scene
[22:50:45] [info] Shaddock: scenes\Example.scene
[22:50:45] [info] Shaddock: scenes\Example.scene
[22:50:45] [info] Shaddock: scenes\Example.scene
[22:50:45] [info] Shaddock: scenes\Example.scene
[22:50:45] [info] Shaddock: scenes\Example.scene
[22:50:45] [info] Shaddock: scenes\Example.scene
[22:50:45] [info] Shaddock: scenes\Example.scene
[22:50:45] [info] Shaddock: scenes\Example.scene
[22:50:45] [info] Shaddock: scenes\Example.scene
[22:50:45] [info] Shaddock: scenes\Example.scene
[22:50:45] [info] Shaddock: scenes\Example.scene
[22:50:45] [info] Shaddock: scenes\Example.scene
[22:50:45] [info] Shaddock: scenes\Example.scene
[22:50:45] [info] Shaddock: scenes\Example.scene
[22:50:45] [info] Shaddock: scenes\Example.scene
[22:50:45] [info] Shaddock: scenes\Example.scene
[22:50:45] [info] Shaddock: scenes\Example.scene
[22:50:45] [info] Shaddock: scenes\Example.scene
[22:50:45] [info] Shaddock: scenes\Example.scene
[22:50:45] [info] Shaddock: scenes\Example.scene
[22:50:45] [info] Shaddock: scenes\Example.scene
[22:50:45] [info] Shaddock: scenes\Example.scene
[22:50:45] [info] Shaddock: scenes\Example.scene
[22:50:45] [info] Shaddock: scenes\Example.scene
[22:50:45] [info] Shaddock: scenes\Example.scene
[22:50:45] [info] Shaddock: scenes\Example.scene
[22:50:45] [info] Shaddock: scenes\Example.scene
[22:50:45] [info] Shaddock: scenes\Example.scene
[22:50:45] [info] Shaddock: scenes\Example.scene
[22:50:45] [info] Shaddock: scenes\Example.scene
[22:50:45] [info] Shaddock: scenes\Example.scene
[22:50:45] [info] Shaddock: scenes\Example.scene
[22:50:45] [info] Shaddock: scenes\Example.scene
[22:50:45] [info] Shaddock: scenes\Example.scene
[22:50:45] [info] Shaddock: scenes\Example.scene
[22:50:45] [info] Shaddock: scenes\Example.scene
[22:50:45] [info] Shaddock: scenes\Example.scene
[22:50:45] [info] Shaddock: scenes\Example.scene
[22:50:45] [info] Shaddock: scenes\Example.scene
[22:50:45] [info] Shaddock: scenes\Example.scene
[22:50:45] [info] Shaddock: scenes\Example.scene
[22:50:45] [info] Shaddock: scenes\Example.scene
[22:50:45] [info] Shaddock: scenes\Example.scene
[22:50:45] [info] Shaddock: scenes\Example.scene
[22:50:45] [info] Shaddock: scenes\Example.scene
[23:00:41] [info] Shaddock: Terminating GLFW
